<?xml version="1.0" encoding="UTF-8"?>
<!-- Generated by org.testng.reporters.JUnitReportReporter -->
<testsuite hostname="LAPTOP-M947SCST" failures="0" tests="2" name="com.execution.ExecutionClass" time="20.753" errors="0" timestamp="2022-07-27T19:07:40 IST" skipped="0">
  <testcase classname="com.execution.ExecutionClass" name="Step3" time="12.480"/>
  <system-out/>
  <testcase classname="com.execution.ExecutionClass" name="Step3" time="8.273"/>
  <system-out/>
</testsuite> <!-- com.execution.ExecutionClass -->
